<?xml version="1.0" encoding="UTF-8"?>
<testng-results skipped="0" failed="0" ignored="0" total="1" passed="1">
  <reporter-output>
  </reporter-output>
  <suite name="Default suite" duration-ms="11630" started-at="2022-01-05T22:27:48 IST" finished-at="2022-01-05T22:28:00 IST">
    <groups>
    </groups>
    <test name="Default test" duration-ms="11630" started-at="2022-01-05T22:27:48 IST" finished-at="2022-01-05T22:28:00 IST">
      <class name="Academy.PracticeTest">
        <test-method status="PASS" signature="tabmethod()[pri:0, instance:Academy.PracticeTest@192d3247]" name="tabmethod" duration-ms="11593" started-at="2022-01-05T22:27:48 IST" finished-at="2022-01-05T22:28:00 IST">
          <reporter-output>
          </reporter-output>
        </test-method> <!-- tabmethod -->
      </class> <!-- Academy.PracticeTest -->
    </test> <!-- Default test -->
  </suite> <!-- Default suite -->
</testng-results>
